Wallpaper changed to /home/saiatama1784/Pictures/wallpapers/wallhaven-1q83qg.jpg at Sun Aug 10 02:47:25 AM IST 2025
Wallpaper changed to /home/saiatama1784/Pictures/wallpapers/luffywp.webp at Sun Aug 10 02:47:29 AM IST 2025
Wallpaper changed to /home/saiatama1784/Pictures/wallpapers/Endy_vector_watching.png at Sun Aug 10 02:57:25 AM IST 2025
Wallpaper changed to /home/saiatama1784/Pictures/wallpapers/wallhaven-1q83qg.jpg at Sun Aug 10 02:57:29 AM IST 2025
Wallpaper changed to /home/saiatama1784/Pictures/wallpapers/berserk1.png at Sun Aug 10 03:07:25 AM IST 2025
Wallpaper changed to /home/saiatama1784/Pictures/wallpapers/wallhaven-ymdvjg.png at Sun Aug 10 03:07:29 AM IST 2025
Wallpaper changed to /home/saiatama1784/Pictures/wallpapers/wallhaven-lm1e2q.jpg at Sun Aug 10 03:17:25 AM IST 2025
Wallpaper changed to /home/saiatama1784/Pictures/wallpapers/ken-takakura-okarun-3840x2160-20021.jpg at Sun Aug 10 03:17:29 AM IST 2025
Wallpaper changed to /home/saiatama1784/Pictures/wallpapers/wallhaven-ymdvjg.png at Sun Aug 10 03:27:25 AM IST 2025
Wallpaper changed to /home/saiatama1784/Pictures/wallpapers/son-goku-silhouette-3840x2160-17760.png at Sun Aug 10 03:27:29 AM IST 2025
Wallpaper changed to /home/saiatama1784/Pictures/wallpapers/luffywp.webp at Sun Aug 10 03:37:25 AM IST 2025
Wallpaper changed to /home/saiatama1784/Pictures/wallpapers/wallhaven-9d3l21.png at Sun Aug 10 03:37:29 AM IST 2025
Wallpaper changed to /home/saiatama1784/Pictures/wallpapers/wallhaven-p9qpyp.jpg at Sun Aug 10 03:47:25 AM IST 2025
Wallpaper changed to /home/saiatama1784/Pictures/wallpapers/wallhaven-1q83qg.jpg at Sun Aug 10 03:47:29 AM IST 2025
Wallpaper changed to /home/saiatama1784/Pictures/wallpapers/wallhaven-5g2jz5.png at Sun Aug 10 03:57:25 AM IST 2025
Wallpaper changed to /home/saiatama1784/Pictures/wallpapers/luffywp.webp at Sun Aug 10 03:57:29 AM IST 2025
Wallpaper changed to /home/saiatama1784/Pictures/wallpapers/wallhaven-9d3l21.png at Sun Aug 10 04:07:25 AM IST 2025
Wallpaper changed to /home/saiatama1784/Pictures/wallpapers/luffywp.webp at Sun Aug 10 04:07:29 AM IST 2025
Wallpaper changed to /home/saiatama1784/Pictures/wallpapers/1000_F_942478443_jYPJ6uoeZXPZvE4KBDElx77LHOcnhSFC.jpg at Sun Aug 10 04:17:25 AM IST 2025
Wallpaper changed to /home/saiatama1784/Pictures/wallpapers/1000_F_942478443_jYPJ6uoeZXPZvE4KBDElx77LHOcnhSFC.jpg at Sun Aug 10 04:17:29 AM IST 2025
Wallpaper changed to /home/saiatama1784/Pictures/wallpapers/1000_F_942478443_jYPJ6uoeZXPZvE4KBDElx77LHOcnhSFC.jpg at Sun Aug 10 04:27:25 AM IST 2025
Wallpaper changed to /home/saiatama1784/Pictures/wallpapers/workstation.jpg at Sun Aug 10 04:27:29 AM IST 2025
Wallpaper changed to /home/saiatama1784/Pictures/wallpapers/wallhaven-57kop1.jpg at Sun Aug 10 04:37:25 AM IST 2025
Wallpaper changed to /home/saiatama1784/Pictures/wallpapers/wallhaven-lq5ywl.jpg at Sun Aug 10 04:37:29 AM IST 2025
Wallpaper changed to /home/saiatama1784/Pictures/wallpapers/wallhaven-1p35kv.png at Sun Aug 10 04:47:39 PM IST 2025
Wallpaper changed to /home/saiatama1784/Pictures/wallpapers/workstation.jpg at Sun Aug 10 04:47:43 PM IST 2025
Wallpaper changed to /home/saiatama1784/Pictures/wallpapers/1000_F_942478443_jYPJ6uoeZXPZvE4KBDElx77LHOcnhSFC.jpg at Sun Aug 10 04:57:39 PM IST 2025
Wallpaper changed to /home/saiatama1784/Pictures/wallpapers/wallhaven-ymdvjg.png at Sun Aug 10 04:57:43 PM IST 2025
Wallpaper changed to /home/saiatama1784/Pictures/wallpapers/ken-takakura-okarun-3840x2160-20021.jpg at Sun Aug 10 05:07:39 PM IST 2025
Wallpaper changed to /home/saiatama1784/Pictures/wallpapers/wallhaven-qz159q.jpg at Sun Aug 10 05:07:43 PM IST 2025
Wallpaper changed to /home/saiatama1784/Pictures/wallpapers/wallhaven-ymwmek.jpg at Sun Aug 10 05:17:39 PM IST 2025
Wallpaper changed to /home/saiatama1784/Pictures/wallpapers/workstation.jpg at Sun Aug 10 05:17:43 PM IST 2025
Wallpaper changed to /home/saiatama1784/Pictures/wallpapers/luffyDP.webp at Sun Aug 10 05:27:41 PM IST 2025
Wallpaper changed to /home/saiatama1784/Pictures/wallpapers/luffywp.webp at Sun Aug 10 05:27:45 PM IST 2025
Wallpaper changed to /home/saiatama1784/Pictures/wallpapers/ken-takakura-okarun-3840x2160-20021.jpg at Sun Aug 10 05:39:33 PM IST 2025
Wallpaper changed to /home/saiatama1784/Pictures/wallpapers/wallhaven-5g2jz5.png at Sun Aug 10 05:39:37 PM IST 2025
Wallpaper changed to /home/saiatama1784/Pictures/wallpapers/luffywp.webp at Sun Aug 10 05:49:34 PM IST 2025
Wallpaper changed to /home/saiatama1784/Pictures/wallpapers/luffyDP.webp at Sun Aug 10 05:49:38 PM IST 2025
Wallpaper changed to /home/saiatama1784/Pictures/wallpapers/wallhaven-1p35kv.png at Sun Aug 10 05:59:34 PM IST 2025
Wallpaper changed to /home/saiatama1784/Pictures/wallpapers/wallhaven-57kop1.jpg at Sun Aug 10 05:59:38 PM IST 2025
Wallpaper changed to /home/saiatama1784/Pictures/wallpapers/workstation.jpg at Sun Aug 10 06:09:34 PM IST 2025
Wallpaper changed to /home/saiatama1784/Pictures/wallpapers/dragonball.jpg at Sun Aug 10 06:09:38 PM IST 2025
Wallpaper changed to /home/saiatama1784/Pictures/wallpapers/son-goku-silhouette-3840x2160-17760.png at Sun Aug 10 06:19:34 PM IST 2025
Wallpaper changed to /home/saiatama1784/Pictures/wallpapers/wallhaven-ymdvjg.png at Sun Aug 10 06:19:38 PM IST 2025
Wallpaper changed to /home/saiatama1784/Pictures/wallpapers/d20bc608-1f97-43db-bbeb-4fcf8b31514d.xlsx at Sun Aug 10 06:29:34 PM IST 2025
Wallpaper changed to /home/saiatama1784/Pictures/wallpapers/wallhaven-1p35kv.png at Sun Aug 10 06:29:38 PM IST 2025
Wallpaper changed to /home/saiatama1784/Pictures/wallpapers/wallhaven-p9qpyp.jpg at Sun Aug 10 06:39:34 PM IST 2025
Wallpaper changed to /home/saiatama1784/Pictures/wallpapers/wallhaven-1q83qg.jpg at Sun Aug 10 06:39:38 PM IST 2025
Wallpaper changed to /home/saiatama1784/Pictures/wallpapers/wallhaven-p9qpyp.jpg at Sun Aug 10 06:49:34 PM IST 2025
Wallpaper changed to /home/saiatama1784/Pictures/wallpapers/wallhaven-1q83qg.jpg at Sun Aug 10 06:49:38 PM IST 2025
Wallpaper changed to /home/saiatama1784/Pictures/wallpapers/luffyDP.webp at Sun Aug 10 06:59:34 PM IST 2025
Wallpaper changed to /home/saiatama1784/Pictures/wallpapers/luffywp.webp at Sun Aug 10 06:59:38 PM IST 2025
Wallpaper changed to /home/saiatama1784/Pictures/wallpapers/wallhaven-p9qpyp.jpg at Sun Aug 10 07:09:34 PM IST 2025
Wallpaper changed to /home/saiatama1784/Pictures/wallpapers/d20bc608-1f97-43db-bbeb-4fcf8b31514d.xlsx at Sun Aug 10 07:09:38 PM IST 2025
Wallpaper changed to /home/saiatama1784/Pictures/wallpapers/1000_F_942478443_jYPJ6uoeZXPZvE4KBDElx77LHOcnhSFC.jpg at Sun Aug 10 07:19:34 PM IST 2025
Wallpaper changed to /home/saiatama1784/Pictures/wallpapers/1000_F_942478443_jYPJ6uoeZXPZvE4KBDElx77LHOcnhSFC.jpg at Sun Aug 10 07:19:38 PM IST 2025
Wallpaper changed to /home/saiatama1784/Pictures/wallpapers/wallhaven-2yp6gg.png at Sun Aug 10 09:12:48 PM IST 2025
Wallpaper changed to /home/saiatama1784/Pictures/wallpapers/dragonball.jpg at Sun Aug 10 09:12:52 PM IST 2025
Wallpaper changed to /home/saiatama1784/Pictures/wallpapers/wallhaven-ymdvjg.png at Sun Aug 10 09:22:48 PM IST 2025
Wallpaper changed to /home/saiatama1784/Pictures/wallpapers/wallhaven-ymwmek.jpg at Sun Aug 10 09:22:52 PM IST 2025
Wallpaper changed to /home/saiatama1784/Pictures/wallpapers/workstation.jpg at Sun Aug 10 09:32:48 PM IST 2025
Wallpaper changed to /home/saiatama1784/Pictures/wallpapers/citygrubbox.png at Sun Aug 10 09:32:52 PM IST 2025
Wallpaper changed to /home/saiatama1784/Pictures/wallpapers/wallhaven-5g2jz5.png at Sun Aug 10 09:42:48 PM IST 2025
Wallpaper changed to /home/saiatama1784/Pictures/wallpapers/wallhaven-qz159q.jpg at Sun Aug 10 09:42:52 PM IST 2025
Wallpaper changed to /home/saiatama1784/Pictures/wallpapers/son-goku-silhouette-3840x2160-17760.png at Sun Aug 10 09:52:48 PM IST 2025
Wallpaper changed to /home/saiatama1784/Pictures/wallpapers/wallhaven-p9qpyp.jpg at Sun Aug 10 09:52:52 PM IST 2025
Wallpaper changed to /home/saiatama1784/Pictures/wallpapers/workstation.jpg at Sun Aug 10 10:02:48 PM IST 2025
Wallpaper changed to /home/saiatama1784/Pictures/wallpapers/wallhaven-ymwmek.jpg at Sun Aug 10 10:02:52 PM IST 2025
Wallpaper changed to /home/saiatama1784/Pictures/wallpapers/workstation.jpg at Sun Aug 10 11:31:51 PM IST 2025
Wallpaper changed to /home/saiatama1784/Pictures/wallpapers/son-goku-silhouette-3840x2160-17760.png at Sun Aug 10 11:31:55 PM IST 2025
Wallpaper changed to /home/saiatama1784/Pictures/wallpapers/citygrubbox.png at Sun Aug 10 11:41:51 PM IST 2025
Wallpaper changed to /home/saiatama1784/Pictures/wallpapers/dragonball.jpg at Sun Aug 10 11:41:55 PM IST 2025
Wallpaper changed to /home/saiatama1784/Pictures/wallpapers/wallhaven-ymdvjg.png at Sun Aug 10 11:51:51 PM IST 2025
Wallpaper changed to /home/saiatama1784/Pictures/wallpapers/wallhaven-lm1e2q.jpg at Sun Aug 10 11:51:55 PM IST 2025
Wallpaper changed to /home/saiatama1784/Pictures/wallpapers/berserk1.png at Mon Aug 11 12:01:51 AM IST 2025
Wallpaper changed to /home/saiatama1784/Pictures/wallpapers/citygrubbox.png at Mon Aug 11 12:01:55 AM IST 2025
Wallpaper changed to /home/saiatama1784/Pictures/wallpapers/wallhaven-57kop1.jpg at Mon Aug 11 12:11:51 AM IST 2025
Wallpaper changed to /home/saiatama1784/Pictures/wallpapers/wallhaven-1q83qg.jpg at Mon Aug 11 12:11:55 AM IST 2025
Wallpaper changed to /home/saiatama1784/Pictures/wallpapers/wallhaven-ymdvjg.png at Mon Aug 11 12:21:51 AM IST 2025
Wallpaper changed to /home/saiatama1784/Pictures/wallpapers/wallhaven-5g2jz5.png at Mon Aug 11 12:21:55 AM IST 2025
Wallpaper changed to /home/saiatama1784/Pictures/wallpapers/wallhaven-lq5ywl.jpg at Mon Aug 11 10:42:16 AM IST 2025
Wallpaper changed to /home/saiatama1784/Pictures/wallpapers/wallhaven-ymdvjg.png at Mon Aug 11 10:42:20 AM IST 2025
Wallpaper changed to /home/saiatama1784/Pictures/wallpapers/luffywp.webp at Mon Aug 11 10:52:16 AM IST 2025
Wallpaper changed to /home/saiatama1784/Pictures/wallpapers/berserk1.png at Mon Aug 11 10:52:20 AM IST 2025
Wallpaper changed to /home/saiatama1784/Pictures/wallpapers/dragonball.jpg at Mon Aug 11 11:02:16 AM IST 2025
Wallpaper changed to /home/saiatama1784/Pictures/wallpapers/citygrubbox.png at Mon Aug 11 11:02:20 AM IST 2025
Wallpaper changed to /home/saiatama1784/Pictures/wallpapers/luffyDP.webp at Mon Aug 11 11:12:17 AM IST 2025
Wallpaper changed to /home/saiatama1784/Pictures/wallpapers/wallhaven-lm1e2q.jpg at Mon Aug 11 11:12:21 AM IST 2025
Wallpaper changed to /home/saiatama1784/Pictures/wallpapers/wallhaven-qz159q.jpg at Mon Aug 11 11:22:17 AM IST 2025
Wallpaper changed to /home/saiatama1784/Pictures/wallpapers/wallhaven-1q83qg.jpg at Mon Aug 11 11:22:21 AM IST 2025
Wallpaper changed to /home/saiatama1784/Pictures/wallpapers/ken-takakura-okarun-3840x2160-20021.jpg at Mon Aug 11 11:32:17 AM IST 2025
Wallpaper changed to /home/saiatama1784/Pictures/wallpapers/wallhaven-ymwmek.jpg at Mon Aug 11 11:32:21 AM IST 2025
Wallpaper changed to /home/saiatama1784/Pictures/wallpapers/d20bc608-1f97-43db-bbeb-4fcf8b31514d.xlsx at Mon Aug 11 11:42:17 AM IST 2025
Wallpaper changed to /home/saiatama1784/Pictures/wallpapers/Endy_vector_watching.png at Mon Aug 11 11:42:21 AM IST 2025
Wallpaper changed to /home/saiatama1784/Pictures/wallpapers/wallhaven-1p35kv.png at Mon Aug 11 11:52:17 AM IST 2025
Wallpaper changed to /home/saiatama1784/Pictures/wallpapers/wallhaven-1q83qg.jpg at Mon Aug 11 11:52:21 AM IST 2025
Wallpaper changed to /home/saiatama1784/Pictures/wallpapers/Endy_vector_watching.png at Mon Aug 11 12:02:17 PM IST 2025
Wallpaper changed to /home/saiatama1784/Pictures/wallpapers/citygrubbox.png at Mon Aug 11 12:02:21 PM IST 2025
Wallpaper changed to /home/saiatama1784/Pictures/wallpapers/citygrubbox.png at Mon Aug 11 12:12:17 PM IST 2025
Wallpaper changed to /home/saiatama1784/Pictures/wallpapers/d20bc608-1f97-43db-bbeb-4fcf8b31514d.xlsx at Mon Aug 11 12:12:21 PM IST 2025
Wallpaper changed to /home/saiatama1784/Pictures/wallpapers/wallhaven-lm1e2q.jpg at Mon Aug 11 12:27:31 PM IST 2025
Wallpaper changed to /home/saiatama1784/Pictures/wallpapers/wallhaven-9d3l21.png at Mon Aug 11 12:27:35 PM IST 2025
Wallpaper changed to /home/saiatama1784/Pictures/wallpapers/luffyDP.webp at Mon Aug 11 12:37:31 PM IST 2025
Wallpaper changed to /home/saiatama1784/Pictures/wallpapers/1000_F_942478443_jYPJ6uoeZXPZvE4KBDElx77LHOcnhSFC.jpg at Mon Aug 11 12:37:35 PM IST 2025
Wallpaper changed to /home/saiatama1784/Pictures/wallpapers/wallhaven-1p35kv.png at Mon Aug 11 12:47:31 PM IST 2025
Wallpaper changed to /home/saiatama1784/Pictures/wallpapers/ken-takakura-okarun-3840x2160-20021.jpg at Mon Aug 11 12:47:35 PM IST 2025
Wallpaper changed to /home/saiatama1784/Pictures/wallpapers/ken-takakura-okarun-3840x2160-20021.jpg at Mon Aug 11 12:57:31 PM IST 2025
Wallpaper changed to /home/saiatama1784/Pictures/wallpapers/son-goku-silhouette-3840x2160-17760.png at Mon Aug 11 12:57:35 PM IST 2025
Wallpaper changed to /home/saiatama1784/Pictures/wallpapers/wallhaven-1q83qg.jpg at Mon Aug 11 01:07:31 PM IST 2025
Wallpaper changed to /home/saiatama1784/Pictures/wallpapers/wallhaven-lq5ywl.jpg at Mon Aug 11 01:07:35 PM IST 2025
Wallpaper changed to /home/saiatama1784/Pictures/wallpapers/wallhaven-ymdvjg.png at Mon Aug 11 01:17:31 PM IST 2025
Wallpaper changed to /home/saiatama1784/Pictures/wallpapers/ken-takakura-okarun-3840x2160-20021.jpg at Mon Aug 11 01:17:35 PM IST 2025
Wallpaper changed to /home/saiatama1784/Pictures/wallpapers/wallhaven-1p35kv.png at Mon Aug 11 01:27:32 PM IST 2025
Wallpaper changed to /home/saiatama1784/Pictures/wallpapers/wallhaven-p9qpyp.jpg at Mon Aug 11 01:27:35 PM IST 2025
Wallpaper changed to /home/saiatama1784/Pictures/wallpapers/wallhaven-2yp6gg.png at Mon Aug 11 01:37:32 PM IST 2025
Wallpaper changed to /home/saiatama1784/Pictures/wallpapers/dragonball.jpg at Mon Aug 11 01:37:35 PM IST 2025
Wallpaper changed to /home/saiatama1784/Pictures/wallpapers/wallhaven-1p35kv.png at Mon Aug 11 01:47:32 PM IST 2025
Wallpaper changed to /home/saiatama1784/Pictures/wallpapers/wallhaven-2yp6gg.png at Mon Aug 11 01:47:35 PM IST 2025
Wallpaper changed to /home/saiatama1784/Pictures/wallpapers/wallhaven-lq5ywl.jpg at Mon Aug 11 01:57:32 PM IST 2025
Wallpaper changed to /home/saiatama1784/Pictures/wallpapers/wallhaven-lm1e2q.jpg at Mon Aug 11 01:57:35 PM IST 2025
Wallpaper changed to /home/saiatama1784/Pictures/wallpapers/berserk1.png at Mon Aug 11 02:07:32 PM IST 2025
Wallpaper changed to /home/saiatama1784/Pictures/wallpapers/luffywp.webp at Mon Aug 11 02:07:35 PM IST 2025
Wallpaper changed to /home/saiatama1784/Pictures/wallpapers/wallhaven-ymwmek.jpg at Mon Aug 11 02:17:32 PM IST 2025
Wallpaper changed to /home/saiatama1784/Pictures/wallpapers/berserk1.png at Mon Aug 11 02:17:35 PM IST 2025
Wallpaper changed to /home/saiatama1784/Pictures/wallpapers/wallhaven-57kop1.jpg at Mon Aug 11 02:27:32 PM IST 2025
Wallpaper changed to /home/saiatama1784/Pictures/wallpapers/Endy_vector_watching.png at Mon Aug 11 02:27:36 PM IST 2025
Wallpaper changed to /home/saiatama1784/Pictures/wallpapers/1000_F_942478443_jYPJ6uoeZXPZvE4KBDElx77LHOcnhSFC.jpg at Mon Aug 11 02:37:32 PM IST 2025
Wallpaper changed to /home/saiatama1784/Pictures/wallpapers/ken-takakura-okarun-3840x2160-20021.jpg at Mon Aug 11 02:37:36 PM IST 2025
Wallpaper changed to /home/saiatama1784/Pictures/wallpapers/wallhaven-qz159q.jpg at Mon Aug 11 02:47:32 PM IST 2025
Wallpaper changed to /home/saiatama1784/Pictures/wallpapers/luffywp.webp at Mon Aug 11 02:47:36 PM IST 2025
Wallpaper changed to /home/saiatama1784/Pictures/wallpapers/wallhaven-1q83qg.jpg at Mon Aug 11 03:45:39 PM IST 2025
Wallpaper changed to /home/saiatama1784/Pictures/wallpapers/d20bc608-1f97-43db-bbeb-4fcf8b31514d.xlsx at Mon Aug 11 03:45:42 PM IST 2025
Wallpaper changed to /home/saiatama1784/Pictures/wallpapers/d20bc608-1f97-43db-bbeb-4fcf8b31514d.xlsx at Mon Aug 11 03:55:39 PM IST 2025
Wallpaper changed to /home/saiatama1784/Pictures/wallpapers/wallhaven-ymdvjg.png at Mon Aug 11 03:55:42 PM IST 2025
Wallpaper changed to /home/saiatama1784/Pictures/wallpapers/wallhaven-lq5ywl.jpg at Mon Aug 11 04:05:40 PM IST 2025
Wallpaper changed to /home/saiatama1784/Pictures/wallpapers/wallhaven-lq5ywl.jpg at Mon Aug 11 04:05:42 PM IST 2025
Wallpaper changed to /home/saiatama1784/Pictures/wallpapers/wallhaven-5g2jz5.png at Mon Aug 11 04:15:40 PM IST 2025
Wallpaper changed to /home/saiatama1784/Pictures/wallpapers/wallhaven-lq5ywl.jpg at Mon Aug 11 04:15:42 PM IST 2025
Wallpaper changed to /home/saiatama1784/Pictures/wallpapers/son-goku-silhouette-3840x2160-17760.png at Mon Aug 11 04:25:40 PM IST 2025
Wallpaper changed to /home/saiatama1784/Pictures/wallpapers/wallhaven-lm1e2q.jpg at Mon Aug 11 04:25:42 PM IST 2025
Wallpaper changed to /home/saiatama1784/Pictures/wallpapers/berserk1.png at Mon Aug 11 04:35:40 PM IST 2025
Wallpaper changed to /home/saiatama1784/Pictures/wallpapers/berserk1.png at Mon Aug 11 04:35:42 PM IST 2025
Wallpaper changed to /home/saiatama1784/Pictures/wallpapers/wallhaven-lq5ywl.jpg at Mon Aug 11 04:45:40 PM IST 2025
Wallpaper changed to /home/saiatama1784/Pictures/wallpapers/luffyDP.webp at Mon Aug 11 04:45:42 PM IST 2025
Wallpaper changed to /home/saiatama1784/Pictures/wallpapers/son-goku-silhouette-3840x2160-17760.png at Mon Aug 11 04:55:40 PM IST 2025
Wallpaper changed to /home/saiatama1784/Pictures/wallpapers/son-goku-silhouette-3840x2160-17760.png at Mon Aug 11 04:55:42 PM IST 2025
Wallpaper changed to /home/saiatama1784/Pictures/wallpapers/dragonball.jpg at Mon Aug 11 05:05:40 PM IST 2025
Wallpaper changed to /home/saiatama1784/Pictures/wallpapers/wallhaven-qz159q.jpg at Mon Aug 11 05:05:42 PM IST 2025
Wallpaper changed to /home/saiatama1784/Pictures/wallpapers/1000_F_942478443_jYPJ6uoeZXPZvE4KBDElx77LHOcnhSFC.jpg at Mon Aug 11 05:15:40 PM IST 2025
Wallpaper changed to /home/saiatama1784/Pictures/wallpapers/berserk1.png at Mon Aug 11 05:15:42 PM IST 2025
Wallpaper changed to /home/saiatama1784/Pictures/wallpapers/wallhaven-ymdvjg.png at Mon Aug 11 05:25:40 PM IST 2025
Wallpaper changed to /home/saiatama1784/Pictures/wallpapers/wallhaven-1q83qg.jpg at Mon Aug 11 05:25:42 PM IST 2025
Wallpaper changed to /home/saiatama1784/Pictures/wallpapers/wallhaven-57kop1.jpg at Mon Aug 11 05:35:41 PM IST 2025
Wallpaper changed to /home/saiatama1784/Pictures/wallpapers/wallhaven-5g2jz5.png at Mon Aug 11 05:35:42 PM IST 2025
Wallpaper changed to /home/saiatama1784/Pictures/wallpapers/wallhaven-57kop1.jpg at Mon Aug 11 05:45:41 PM IST 2025
Wallpaper changed to /home/saiatama1784/Pictures/wallpapers/wallhaven-ymwmek.jpg at Mon Aug 11 05:45:42 PM IST 2025
Wallpaper changed to /home/saiatama1784/Pictures/wallpapers/wallhaven-1q83qg.jpg at Mon Aug 11 08:05:29 PM IST 2025
Wallpaper changed to /home/saiatama1784/Pictures/wallpapers/wallhaven-9d3l21.png at Mon Aug 11 08:05:31 PM IST 2025
Wallpaper changed to /home/saiatama1784/Pictures/wallpapers/Endy_vector_watching.png at Mon Aug 11 08:15:29 PM IST 2025
Wallpaper changed to /home/saiatama1784/Pictures/wallpapers/Endy_vector_watching.png at Mon Aug 11 08:15:31 PM IST 2025
Wallpaper changed to /home/saiatama1784/Pictures/wallpapers/son-goku-silhouette-3840x2160-17760.png at Mon Aug 11 08:25:29 PM IST 2025
Wallpaper changed to /home/saiatama1784/Pictures/wallpapers/wallhaven-5g2jz5.png at Mon Aug 11 08:25:31 PM IST 2025
Wallpaper changed to /home/saiatama1784/Pictures/wallpapers/wallhaven-lm1e2q.jpg at Mon Aug 11 08:35:29 PM IST 2025
Wallpaper changed to /home/saiatama1784/Pictures/wallpapers/luffyDP.webp at Mon Aug 11 08:35:31 PM IST 2025
Wallpaper changed to /home/saiatama1784/Pictures/wallpapers/workstation.jpg at Mon Aug 11 08:45:29 PM IST 2025
Wallpaper changed to /home/saiatama1784/Pictures/wallpapers/dragonball.jpg at Mon Aug 11 08:45:31 PM IST 2025
Wallpaper changed to /home/saiatama1784/Pictures/wallpapers/wallhaven-lm1e2q.jpg at Mon Aug 11 08:55:29 PM IST 2025
Wallpaper changed to /home/saiatama1784/Pictures/wallpapers/wallhaven-1q83qg.jpg at Mon Aug 11 08:55:31 PM IST 2025
Wallpaper changed to /home/saiatama1784/Pictures/wallpapers/wallhaven-qz159q.jpg at Mon Aug 11 09:05:29 PM IST 2025
Wallpaper changed to /home/saiatama1784/Pictures/wallpapers/luffyDP.webp at Mon Aug 11 09:05:31 PM IST 2025
Wallpaper changed to /home/saiatama1784/Pictures/wallpapers/wallhaven-lm1e2q.jpg at Mon Aug 11 10:16:36 PM IST 2025
Wallpaper changed to /home/saiatama1784/Pictures/wallpapers/son-goku-silhouette-3840x2160-17760.png at Mon Aug 11 10:16:38 PM IST 2025
Wallpaper changed to /home/saiatama1784/Pictures/wallpapers/wallhaven-p9qpyp.jpg at Mon Aug 11 10:26:36 PM IST 2025
Wallpaper changed to /home/saiatama1784/Pictures/wallpapers/wallhaven-57kop1.jpg at Mon Aug 11 10:26:38 PM IST 2025
Wallpaper changed to /home/saiatama1784/Pictures/wallpapers/wallhaven-57kop1.jpg at Mon Aug 11 10:36:36 PM IST 2025
Wallpaper changed to /home/saiatama1784/Pictures/wallpapers/wallhaven-lm1e2q.jpg at Mon Aug 11 10:36:38 PM IST 2025
Wallpaper changed to /home/saiatama1784/Pictures/wallpapers/wallhaven-p9qpyp.jpg at Mon Aug 11 10:46:36 PM IST 2025
Wallpaper changed to /home/saiatama1784/Pictures/wallpapers/luffyDP.webp at Mon Aug 11 10:46:38 PM IST 2025
Wallpaper changed to /home/saiatama1784/Pictures/wallpapers/wallhaven-9d3l21.png at Mon Aug 11 10:56:36 PM IST 2025
Wallpaper changed to /home/saiatama1784/Pictures/wallpapers/berserk1.png at Mon Aug 11 10:56:38 PM IST 2025
Wallpaper changed to /home/saiatama1784/Pictures/wallpapers/berserk1.png at Mon Aug 11 11:06:36 PM IST 2025
Wallpaper changed to /home/saiatama1784/Pictures/wallpapers/son-goku-silhouette-3840x2160-17760.png at Mon Aug 11 11:06:38 PM IST 2025
Wallpaper changed to /home/saiatama1784/Pictures/wallpapers/luffywp.webp at Mon Aug 11 11:16:36 PM IST 2025
Wallpaper changed to /home/saiatama1784/Pictures/wallpapers/wallhaven-ymwmek.jpg at Mon Aug 11 11:16:38 PM IST 2025
Wallpaper changed to /home/saiatama1784/Pictures/wallpapers/son-goku-silhouette-3840x2160-17760.png at Mon Aug 11 11:26:36 PM IST 2025
Wallpaper changed to /home/saiatama1784/Pictures/wallpapers/1000_F_942478443_jYPJ6uoeZXPZvE4KBDElx77LHOcnhSFC.jpg at Mon Aug 11 11:26:38 PM IST 2025
Wallpaper changed to /home/saiatama1784/Pictures/wallpapers/luffywp.webp at Mon Aug 11 11:36:36 PM IST 2025
Wallpaper changed to /home/saiatama1784/Pictures/wallpapers/wallhaven-1p35kv.png at Mon Aug 11 11:36:38 PM IST 2025
Wallpaper changed to /home/saiatama1784/Pictures/wallpapers/dragonball.jpg at Mon Aug 11 11:46:36 PM IST 2025
Wallpaper changed to /home/saiatama1784/Pictures/wallpapers/wallhaven-5g2jz5.png at Mon Aug 11 11:46:38 PM IST 2025
Wallpaper changed to /home/saiatama1784/Pictures/wallpapers/wallhaven-9d3l21.png at Mon Aug 11 11:56:36 PM IST 2025
Wallpaper changed to /home/saiatama1784/Pictures/wallpapers/wallhaven-9d3l21.png at Mon Aug 11 11:56:38 PM IST 2025
Wallpaper changed to /home/saiatama1784/Pictures/wallpapers/wallhaven-5g2jz5.png at Tue Aug 12 12:06:36 AM IST 2025
Wallpaper changed to /home/saiatama1784/Pictures/wallpapers/1000_F_942478443_jYPJ6uoeZXPZvE4KBDElx77LHOcnhSFC.jpg at Tue Aug 12 12:06:38 AM IST 2025
Wallpaper changed to /home/saiatama1784/Pictures/wallpapers/citygrubbox.png at Tue Aug 12 12:16:36 AM IST 2025
Wallpaper changed to /home/saiatama1784/Pictures/wallpapers/workstation.jpg at Tue Aug 12 12:16:38 AM IST 2025
